<?xml version="1.0" encoding="UTF-8"?>
<testsuite xmlns:xsi="http://www.w3.org/2001/XMLSchema-instance" xsi:noNamespaceSchemaLocation="https://maven.apache.org/surefire/maven-surefire-plugin/xsd/surefire-test-report-3.0.xsd" version="3.0" name="org.Trello.APITest.TestRunnerForAPITests" time="7.273" tests="3" errors="0" skipped="0" failures="0">
  <properties>
[...]
</properties>
  <testcase name="Successful board creation" classname="Trello Create Board API Testing" time="2.855">
    <system-out><![CDATA[
Scenario: Successful board creation                                                # src/test/resources/featuresAPI/CreateBoard.feature:3
  Given the Trello create board API endpoint is "https://api.trello.com/1/boards/" # org.Trello.APITest.stepDefinitionsAPI.CreateBoardSteps.theTrelloCreateBoardAPIEndpointIs(java.lang.String)
  And I have a valid API key and token                                             # org.Trello.APITest.stepDefinitionsAPI.CommonAPISteps.validAPIKeyAndToken()
Request method:	POST
Request URI:	https://api.trello.com/1/boards/?name=Test%20Board&key=a3b5b46218f51e23fd8902608bf45ad5&token=ATTA518b7b9ba572f36db7121ed1422716df4cc7f8e9eea4f41a5de43d325fadbf7aF908FEF1
Proxy:			<none>
Request params:	<none>
Query params:	name=Test Board
				key=a3b5b46218f51e23fd8902608bf45ad5
				token=ATTA518b7b9ba572f36db7121ed1422716df4cc7f8e9eea4f41a5de43d325fadbf7aF908FEF1
Form params:	<none>
Path params:	<none>
Headers:		Accept=application/json
				Content-Type=application/json
Cookies:		<none>
Multiparts:		<none>
Body:			<none>
  When I send a POST request to create a board with name "Test Board"              # org.Trello.APITest.stepDefinitionsAPI.CreateBoardSteps.sendPOSTRequestToCreateABoardWithName(java.lang.String)
  Then the response status code should be 200                                      # org.Trello.APITest.stepDefinitionsAPI.CommonAPISteps.theResponseStatusCodeShouldBe(int)
  And the response body contains "Test Board"                                      # org.Trello.APITest.stepDefinitionsAPI.CreateBoardSteps.theResponseBodyContains(java.lang.String)
Request method:	DELETE
Request URI:	https://api.trello.com/1/boards/64e7a1f9b7514b58ea357954?key=a3b5b46218f51e23fd8902608bf45ad5&token=ATTA518b7b9ba572f36db7121ed1422716df4cc7f8e9eea4f41a5de43d325fadbf7aF908FEF1
Proxy:			<none>
Request params:	<none>
Query params:	key=a3b5b46218f51e23fd8902608bf45ad5
				token=ATTA518b7b9ba572f36db7121ed1422716df4cc7f8e9eea4f41a5de43d325fadbf7aF908FEF1
Form params:	<none>
Path params:	<none>
Headers:		Accept=*/*
Cookies:		<none>
Multiparts:		<none>
Body:			<none>
  And I send a DELETE request to delete a board with ID                            # org.Trello.APITest.stepDefinitionsAPI.DeleteBoardSteps.sendDELETERequestToDeleteABoardWithID()
  Then the response status code should be 200                                      # org.Trello.APITest.stepDefinitionsAPI.CommonAPISteps.theResponseStatusCodeShouldBe(int)
]]></system-out>
  </testcase>
  <testcase name="Successful retrieval of a specific board and delete recently created board" classname="Trello Get Specific Board API Testing" time="2.093">
    <system-out><![CDATA[
Scenario: Successful retrieval of a specific board and delete recently created board    # src/test/resources/featuresAPI/GetBoard.feature:3
  Given the Trello get specific board API endpoint is "https://api.trello.com/1/boards" # org.Trello.APITest.stepDefinitionsAPI.GetBoardSteps.theTrelloGetSpecificBoardAPIEndpointIs(java.lang.String)
  And I have a valid API key and token                                                  # org.Trello.APITest.stepDefinitionsAPI.CommonAPISteps.validAPIKeyAndToken()
Request method:	POST
Request URI:	https://api.trello.com/1/boards?name=test%20board&key=a3b5b46218f51e23fd8902608bf45ad5&token=ATTA518b7b9ba572f36db7121ed1422716df4cc7f8e9eea4f41a5de43d325fadbf7aF908FEF1
Proxy:			<none>
Request params:	<none>
Query params:	name=test board
				key=a3b5b46218f51e23fd8902608bf45ad5
				token=ATTA518b7b9ba572f36db7121ed1422716df4cc7f8e9eea4f41a5de43d325fadbf7aF908FEF1
Form params:	<none>
Path params:	<none>
Headers:		Accept=application/json
				Content-Type=application/json
Cookies:		<none>
Multiparts:		<none>
Body:			<none>
  And I have a recently created board with name "test board"                            # org.Trello.APITest.stepDefinitionsAPI.CommonAPISteps.recentlyCreatedBoardWithName(java.lang.String)
Request method:	GET
Request URI:	https://api.trello.com/1/boards/64e7a1fcdf5cb89a695c2696?key=a3b5b46218f51e23fd8902608bf45ad5&token=ATTA518b7b9ba572f36db7121ed1422716df4cc7f8e9eea4f41a5de43d325fadbf7aF908FEF1
Proxy:			<none>
Request params:	<none>
Query params:	key=a3b5b46218f51e23fd8902608bf45ad5
				token=ATTA518b7b9ba572f36db7121ed1422716df4cc7f8e9eea4f41a5de43d325fadbf7aF908FEF1
Form params:	<none>
Path params:	<none>
Headers:		Accept=*/*
Cookies:		<none>
Multiparts:		<none>
Body:			<none>
  When I send a GET request to retrieve the board with ID                               # org.Trello.APITest.stepDefinitionsAPI.GetBoardSteps.sendGetSpecificBoardRequest()
  Then the response status code should be 200                                           # org.Trello.APITest.stepDefinitionsAPI.CommonAPISteps.theResponseStatusCodeShouldBe(int)
  And the response body contains the board name "test board"                            # org.Trello.APITest.stepDefinitionsAPI.GetBoardSteps.verifyResponseBodyContainsBoardName(java.lang.String)
Request method:	DELETE
Request URI:	https://api.trello.com/1/boards/64e7a1fcdf5cb89a695c2696?key=a3b5b46218f51e23fd8902608bf45ad5&token=ATTA518b7b9ba572f36db7121ed1422716df4cc7f8e9eea4f41a5de43d325fadbf7aF908FEF1
Proxy:			<none>
Request params:	<none>
Query params:	key=a3b5b46218f51e23fd8902608bf45ad5
				token=ATTA518b7b9ba572f36db7121ed1422716df4cc7f8e9eea4f41a5de43d325fadbf7aF908FEF1
Form params:	<none>
Path params:	<none>
Headers:		Accept=*/*
Cookies:		<none>
Multiparts:		<none>
Body:			<none>
  When I send a DELETE request to delete a board with ID                                # org.Trello.APITest.stepDefinitionsAPI.DeleteBoardSteps.sendDELETERequestToDeleteABoardWithID()
  Then the response status code should be 200                                           # org.Trello.APITest.stepDefinitionsAPI.CommonAPISteps.theResponseStatusCodeShouldBe(int)
]]></system-out>
  </testcase>
  <testcase name="Successful update of board name" classname="Trello Update Board API Testing" time="2.032">
    <system-out><![CDATA[
Scenario: Successful update of board name                                          # src/test/resources/featuresAPI/UpdateBoard.feature:3
  Given the Trello update board API endpoint is "https://api.trello.com/1/boards/" # org.Trello.APITest.stepDefinitionsAPI.UpdateBoardSteps.theTrelloUpdateBoardAPIEndpointIs(java.lang.String)
  And I have a valid API key and token                                             # org.Trello.APITest.stepDefinitionsAPI.CommonAPISteps.validAPIKeyAndToken()
Request method:	POST
Request URI:	https://api.trello.com/1/boards/?name=Test%20Board&key=a3b5b46218f51e23fd8902608bf45ad5&token=ATTA518b7b9ba572f36db7121ed1422716df4cc7f8e9eea4f41a5de43d325fadbf7aF908FEF1
Proxy:			<none>
Request params:	<none>
Query params:	name=Test Board
				key=a3b5b46218f51e23fd8902608bf45ad5
				token=ATTA518b7b9ba572f36db7121ed1422716df4cc7f8e9eea4f41a5de43d325fadbf7aF908FEF1
Form params:	<none>
Path params:	<none>
Headers:		Accept=application/json
				Content-Type=application/json
Cookies:		<none>
Multiparts:		<none>
Body:			<none>
  And I have a recently created board with name "Test Board"                       # org.Trello.APITest.stepDefinitionsAPI.CommonAPISteps.recentlyCreatedBoardWithName(java.lang.String)
Request method:	PUT
Request URI:	https://api.trello.com/1/boards/64e7a1fefefce77c4a1ae57a?name=Updated%20Board&key=a3b5b46218f51e23fd8902608bf45ad5&token=ATTA518b7b9ba572f36db7121ed1422716df4cc7f8e9eea4f41a5de43d325fadbf7aF908FEF1
Proxy:			<none>
Request params:	<none>
Query params:	name=Updated Board
				key=a3b5b46218f51e23fd8902608bf45ad5
				token=ATTA518b7b9ba572f36db7121ed1422716df4cc7f8e9eea4f41a5de43d325fadbf7aF908FEF1
Form params:	<none>
Path params:	<none>
Headers:		Accept=application/json
				Content-Type=application/json
Cookies:		<none>
Multiparts:		<none>
Body:			<none>
  When I send a PUT request to update the board name to "Updated Board"            # org.Trello.APITest.stepDefinitionsAPI.UpdateBoardSteps.sendPUTRequestToUpdateTheBoardNameTo(java.lang.String)
  Then the response status code should be 200                                      # org.Trello.APITest.stepDefinitionsAPI.CommonAPISteps.theResponseStatusCodeShouldBe(int)
  And the response body contains the updated board name "Updated Board"            # org.Trello.APITest.stepDefinitionsAPI.UpdateBoardSteps.theResponseBodyContainsTheUpdatedBoardName(java.lang.String)
Request method:	DELETE
Request URI:	https://api.trello.com/1/boards/64e7a1fefefce77c4a1ae57a?key=a3b5b46218f51e23fd8902608bf45ad5&token=ATTA518b7b9ba572f36db7121ed1422716df4cc7f8e9eea4f41a5de43d325fadbf7aF908FEF1
Proxy:			<none>
Request params:	<none>
Query params:	key=a3b5b46218f51e23fd8902608bf45ad5
				token=ATTA518b7b9ba572f36db7121ed1422716df4cc7f8e9eea4f41a5de43d325fadbf7aF908FEF1
Form params:	<none>
Path params:	<none>
Headers:		Accept=*/*
Cookies:		<none>
Multiparts:		<none>
Body:			<none>
  And I send a DELETE request to delete a board with ID                            # org.Trello.APITest.stepDefinitionsAPI.DeleteBoardSteps.sendDELETERequestToDeleteABoardWithID()
  Then the response status code should be 200                                      # org.Trello.APITest.stepDefinitionsAPI.CommonAPISteps.theResponseStatusCodeShouldBe(int)
]]></system-out>
  </testcase>
</testsuite>